--------------------------------------------------------------------------------
Release 14.7 Trace  (nt)
Copyright (c) 1995-2013 Xilinx, Inc.  All rights reserved.

D:\GERARDO\SisDigAva\Programa\Xilnx\14.7\ISE_DS\ISE\bin\nt\unwrapped\trce.exe
-intstyle ise -v 3 -s 3 -n 3 -fastpaths -xml Ultrasonic.twx Ultrasonic.ncd -o
Ultrasonic.twr Ultrasonic.pcf -ucf Ultrasonic.ucf

Design file:              Ultrasonic.ncd
Physical constraint file: Ultrasonic.pcf
Device,package,speed:     xc6slx16,csg324,C,-3 (PRODUCTION 1.23 2013-10-13)
Report level:             verbose report

Environment Variable      Effect 
--------------------      ------ 
NONE                      No environment variables were set
--------------------------------------------------------------------------------

INFO:Timing:2698 - No timing constraints found, doing default enumeration.
INFO:Timing:3412 - To improve timing, see the Timing Closure User Guide (UG612).
INFO:Timing:2752 - To get complete path coverage, use the unconstrained paths 
   option. All paths that are not constrained will be reported in the 
   unconstrained paths section(s) of the report.
INFO:Timing:3339 - The clock-to-out numbers in this timing report are based on 
   a 50 Ohm transmission line loading model.  For the details of this model, 
   and for more information on accounting for different loading conditions, 
   please see the device datasheet.



Data Sheet report:
-----------------
All values displayed in nanoseconds (ns)

Setup/Hold to clock Clk
------------+------------+------------+------------+------------+------------------+--------+
            |Max Setup to|  Process   |Max Hold to |  Process   |                  | Clock  |
Source      | clk (edge) |   Corner   | clk (edge) |   Corner   |Internal Clock(s) | Phase  |
------------+------------+------------+------------+------------+------------------+--------+
Rst         |    5.635(R)|      SLOW  |   -0.773(R)|      FAST  |Clk_BUFGP         |   0.000|
Rx          |    2.091(R)|      SLOW  |   -1.208(R)|      FAST  |Clk_BUFGP         |   0.000|
------------+------------+------------+------------+------------+------------------+--------+

Clock Clk to Pad
------------+-----------------+------------+-----------------+------------+------------------+--------+
            |Max (slowest) clk|  Process   |Min (fastest) clk|  Process   |                  | Clock  |
Destination |  (edge) to PAD  |   Corner   |  (edge) to PAD  |   Corner   |Internal Clock(s) | Phase  |
------------+-----------------+------------+-----------------+------------+------------------+--------+
LEDs<0>     |         7.666(R)|      SLOW  |         4.068(R)|      FAST  |Clk_BUFGP         |   0.000|
LEDs<1>     |         7.915(R)|      SLOW  |         4.219(R)|      FAST  |Clk_BUFGP         |   0.000|
LEDs<2>     |         7.676(R)|      SLOW  |         4.073(R)|      FAST  |Clk_BUFGP         |   0.000|
LEDs<3>     |         7.702(R)|      SLOW  |         4.103(R)|      FAST  |Clk_BUFGP         |   0.000|
LEDs<4>     |         7.394(R)|      SLOW  |         3.836(R)|      FAST  |Clk_BUFGP         |   0.000|
LEDs<5>     |         7.397(R)|      SLOW  |         3.829(R)|      FAST  |Clk_BUFGP         |   0.000|
LEDs<6>     |         8.386(R)|      SLOW  |         4.554(R)|      FAST  |Clk_BUFGP         |   0.000|
LEDs<7>     |         8.322(R)|      SLOW  |         4.467(R)|      FAST  |Clk_BUFGP         |   0.000|
Tx          |         9.515(R)|      SLOW  |         4.975(R)|      FAST  |Clk_BUFGP         |   0.000|
------------+-----------------+------------+-----------------+------------+------------------+--------+

Clock to Setup on destination clock Clk
---------------+---------+---------+---------+---------+
               | Src:Rise| Src:Fall| Src:Rise| Src:Fall|
Source Clock   |Dest:Rise|Dest:Rise|Dest:Fall|Dest:Fall|
---------------+---------+---------+---------+---------+
Clk            |   28.354|         |         |         |
---------------+---------+---------+---------+---------+


Analysis completed Fri Nov 13 09:28:28 2015 
--------------------------------------------------------------------------------

Trace Settings:
-------------------------
Trace Settings 

Peak Memory Usage: 172 MB



