Command line:
   RWM_tb_isim_beh.exe
     -simmode  gui
     -simrunnum  0
     -socket  55093

Tue Nov 24 09:27:13 2015


 Elaboration Time: 0.15625 sec

 Current Memory Usage: 840.253 Meg

 Total Signals          : 9
 Total Nets             : 142
 Total Signal Drivers   : 6
 Total Blocks           : 5
 Total Primitive Blocks : 4
 Total Processes        : 4
 Total Traceable Variables  : 11
 Total Scalar Nets and Variables : 521
Total Line Count : 19

 Total Simulation Time: 0.234375 sec

 Current Memory Usage: 682.967 Meg

Tue Nov 24 09:29:33 2015

