--------------------------------------------------------------------------------
Release 14.7 Trace  (nt)
Copyright (c) 1995-2013 Xilinx, Inc.  All rights reserved.

D:\Programas\Xilinx\14.7\ISE_DS\ISE\bin\nt\unwrapped\trce.exe -intstyle ise -v
3 -s 3 -n 3 -fastpaths -xml Top.twx Top.ncd -o Top.twr Top.pcf -ucf Top.ucf

Design file:              Top.ncd
Physical constraint file: Top.pcf
Device,package,speed:     xc6slx16,csg324,C,-3 (PRODUCTION 1.23 2013-10-13)
Report level:             verbose report

Environment Variable      Effect 
--------------------      ------ 
NONE                      No environment variables were set
--------------------------------------------------------------------------------

INFO:Timing:2698 - No timing constraints found, doing default enumeration.
INFO:Timing:3412 - To improve timing, see the Timing Closure User Guide (UG612).
INFO:Timing:2752 - To get complete path coverage, use the unconstrained paths 
   option. All paths that are not constrained will be reported in the 
   unconstrained paths section(s) of the report.
INFO:Timing:3339 - The clock-to-out numbers in this timing report are based on 
   a 50 Ohm transmission line loading model.  For the details of this model, 
   and for more information on accounting for different loading conditions, 
   please see the device datasheet.



Data Sheet report:
-----------------
All values displayed in nanoseconds (ns)

Setup/Hold to clock Clk
------------+------------+------------+------------+------------+------------------+--------+
            |Max Setup to|  Process   |Max Hold to |  Process   |                  | Clock  |
Source      | clk (edge) |   Corner   | clk (edge) |   Corner   |Internal Clock(s) | Phase  |
------------+------------+------------+------------+------------+------------------+--------+
Rst         |    5.242(R)|      SLOW  |   -1.420(R)|      FAST  |Clk_BUFGP         |   0.000|
------------+------------+------------+------------+------------+------------------+--------+

Clock Clk to Pad
------------+-----------------+------------+-----------------+------------+------------------+--------+
            |Max (slowest) clk|  Process   |Min (fastest) clk|  Process   |                  | Clock  |
Destination |  (edge) to PAD  |   Corner   |  (edge) to PAD  |   Corner   |Internal Clock(s) | Phase  |
------------+-----------------+------------+-----------------+------------+------------------+--------+
Blue<0>     |        11.751(R)|      SLOW  |         4.885(R)|      FAST  |Clk_BUFGP         |   0.000|
Blue<1>     |        11.751(R)|      SLOW  |         4.885(R)|      FAST  |Clk_BUFGP         |   0.000|
Green<0>    |        11.893(R)|      SLOW  |         4.804(R)|      FAST  |Clk_BUFGP         |   0.000|
Green<1>    |        11.782(R)|      SLOW  |         4.757(R)|      FAST  |Clk_BUFGP         |   0.000|
Green<2>    |        11.939(R)|      SLOW  |         4.876(R)|      FAST  |Clk_BUFGP         |   0.000|
Hsync       |         9.144(R)|      SLOW  |         4.806(R)|      FAST  |Clk_BUFGP         |   0.000|
Red<0>      |        11.958(R)|      SLOW  |         4.854(R)|      FAST  |Clk_BUFGP         |   0.000|
Red<1>      |        11.968(R)|      SLOW  |         4.864(R)|      FAST  |Clk_BUFGP         |   0.000|
Red<2>      |        11.893(R)|      SLOW  |         4.804(R)|      FAST  |Clk_BUFGP         |   0.000|
Vsync       |         9.632(R)|      SLOW  |         4.579(R)|      FAST  |Clk_BUFGP         |   0.000|
------------+-----------------+------------+-----------------+------------+------------------+--------+

Clock to Setup on destination clock Clk
---------------+---------+---------+---------+---------+
               | Src:Rise| Src:Fall| Src:Rise| Src:Fall|
Source Clock   |Dest:Rise|Dest:Rise|Dest:Fall|Dest:Fall|
---------------+---------+---------+---------+---------+
Clk            |    4.227|         |         |         |
---------------+---------+---------+---------+---------+


Analysis completed Wed Nov 18 12:50:54 2015 
--------------------------------------------------------------------------------

Trace Settings:
-------------------------
Trace Settings 

Peak Memory Usage: 171 MB



